0      2 Has taken a fork
0      2 Has taken a fork
0      2 Is eating
0      4 Has taken a fork
0      4 Has taken a fork
0      4 Is eating
84     5 Has taken a fork
200    2 Is sleeping
200    4 Is sleeping
200    1 Has taken a fork
200    3 Has taken a fork
200    3 Has taken a fork
200    3 Is eating
200    5 Has taken a fork
200    5 Is eating
400    2 Is thinking
400    4 Is thinking
400    3 Is sleeping
400    5 Is sleeping
400    1 Has taken a fork
400    1 Is eating
484    4 Has taken a fork
484    4 Has taken a fork
484    4 Is eating
600    3 Is thinking
600    5 Is thinking
600    1 Is sleeping
600    2 Has taken a fork
600    2 Has taken a fork
600    2 Is eating
684    4 Is sleeping
684    3 Has taken a fork
684    5 Has taken a fork
684    5 Has taken a fork
684    5 Is eating
800    1 Is thinking
800    2 Is sleeping
800    3 Has taken a fork
800    3 Is eating
884    4 Is thinking
884    5 Is sleeping
884    1 Has taken a fork
884    1 Has taken a fork
884    1 Is eating
1000   2 Is thinking
1000   3 Is sleeping
1000   4 Has taken a fork
1000   4 Has taken a fork
1000   4 Is eating
1084   5 Is thinking
1084   1 Is sleeping
1084   2 Has taken a fork
1084   2 Has taken a fork
1084   2 Is eating
1168   5 Has taken a fork
1200   3 Is thinking
1200   4 Is sleeping
1200   5 Has taken a fork
1200   5 Is eating
1284   1 Is thinking
1284   2 Is sleeping
1284   3 Has taken a fork
1284   3 Has taken a fork
1284   3 Is eating
1368   1 Has taken a fork
1400   4 Is thinking
1400   5 Is sleeping
1400   1 Has taken a fork
1400   1 Is eating
1484   2 Is thinking
1484   3 Is sleeping
1484   4 Has taken a fork
1484   4 Has taken a fork
1484   4 Is eating
1600   5 Is thinking
1600   1 Is sleeping
1600   2 Has taken a fork
1600   2 Has taken a fork
1600   2 Is eating
1684   3 Is thinking
1684   4 Is sleeping
1684   5 Has taken a fork
1684   5 Has taken a fork
1684   5 Is eating
1768   3 Has taken a fork
1800   1 Is thinking
1800   2 Is sleeping
1800   3 Has taken a fork
1800   3 Is eating
1884   4 Is thinking
1884   5 Is sleeping
1884   1 Has taken a fork
1884   1 Has taken a fork
1884   1 Is eating
2000   2 Is thinking
2000   3 Is sleeping
2000   4 Has taken a fork
2000   4 Has taken a fork
2000   4 Is eating
2084   5 Is thinking
2084   1 Is sleeping
2084   2 Has taken a fork
2084   2 Has taken a fork
2084   2 Is eating
2168   5 Has taken a fork
2200   3 Is thinking
2200   4 Is sleeping
2200   5 Has taken a fork
2200   5 Is eating
2284   1 Is thinking
2284   2 Is sleeping
2284   3 Has taken a fork
2284   3 Has taken a fork
2284   3 Is eating
2368   1 Has taken a fork
2400   4 Is thinking
2400   5 Is sleeping
2400   1 Has taken a fork
2400   1 Is eating
2484   2 Is thinking
2484   3 Is sleeping
2484   4 Has taken a fork
2484   4 Has taken a fork
2484   4 Is eating
2600   5 Is thinking
2600   1 Is sleeping
2600   2 Has taken a fork
2600   2 Has taken a fork
2600   2 Is eating
2684   3 Is thinking
2684   4 Is sleeping
2684   5 Has taken a fork
2684   5 Has taken a fork
2684   5 Is eating
2768   3 Has taken a fork
2800   1 Is thinking
2800   2 Is sleeping
2800   3 Has taken a fork
2800   3 Is eating
2884   4 Is thinking
2884   5 Is sleeping
2884   1 Has taken a fork
2884   1 Has taken a fork
2884   1 Is eating
3000   2 Is thinking
3000   3 Is sleeping
3000   4 Has taken a fork
3000   4 Has taken a fork
3000   4 Is eating
3084   5 Is thinking
3084   1 Is sleeping
3084   2 Has taken a fork
3084   2 Has taken a fork
3084   2 Is eating
3168   5 Has taken a fork
3200   4 Is sleeping
3201   3 Is thinking
3201   5 Has taken a fork
3201   5 Is eating
3284   1 Is thinking
3284   2 Is sleeping
3285   3 Has taken a fork
3285   3 Has taken a fork
3285   3 Is eating
3368   1 Has taken a fork
3400   4 Is thinking
3401   5 Is sleeping
3401   1 Has taken a fork
3401   1 Is eating
3484   2 Is thinking
3485   3 Is sleeping
3485   4 Has taken a fork
3485   4 Has taken a fork
3485   4 Is eating
3601   5 Is thinking
3601   1 Is sleeping
3601   2 Has taken a fork
3601   2 Has taken a fork
3601   2 Is eating
3685   5 Has taken a fork
3685   3 Is thi